{
  "RSpec": {
    "coverage": {
      "/Users/celsomartins/workspace/taller/flow_control/app/models/user.rb": [
        null,
        null,
        null,
        null,
        null,
        null,
        null,
        null,
        null,
        null,
        null,
        null,
        null,
        null,
        null,
        null,
        null,
        null,
        null,
        null,
        null,
        null,
        null,
        null,
        null,
        null,
        null,
        null,
        null,
        1,
        null,
        null,
        1,
        null,
        null
      ],
      "/Users/celsomartins/workspace/taller/flow_control/app/models/application_record.rb": [
        null,
        null,
        1,
        1,
        null
      ],
      "/Users/celsomartins/workspace/taller/flow_control/app/helpers/application_helper.rb": [
        1,
        1,
        2,
        null,
        null,
        1,
        2,
        null,
        null,
        1,
        2,
        null,
        null
      ],
      "/Users/celsomartins/workspace/taller/flow_control/app/controllers/devise_custom/registrations_controller.rb": [
        null,
        null,
        1,
        1,
        1,
        null,
        1,
        1,
        null,
        null,
        null
      ],
      "/Users/celsomartins/workspace/taller/flow_control/app/controllers/application_controller.rb": [
        null,
        null,
        1,
        1,
        null,
        1,
        null,
        1,
        null,
        1,
        0,
        0,
        0,
        null,
        null,
        null
      ],
      "/Users/celsomartins/workspace/taller/flow_control/app/channels/application_cable/channel.rb": [
        null,
        null,
        1,
        1,
        null,
        null
      ],
      "/Users/celsomartins/workspace/taller/flow_control/app/channels/application_cable/connection.rb": [
        null,
        null,
        1,
        1,
        null,
        null
      ],
      "/Users/celsomartins/workspace/taller/flow_control/app/mailers/application_mailer.rb": [
        null,
        null,
        1,
        1,
        1,
        null
      ],
      "/Users/celsomartins/workspace/taller/flow_control/app/jobs/application_job.rb": [
        null,
        null,
        1,
        null
      ],
      "/Users/celsomartins/workspace/taller/flow_control/app/controllers/authenticated_controller.rb": [
        null,
        null,
        0,
        0,
        0
      ],
      "/Users/celsomartins/workspace/taller/flow_control/app/controllers/companies_controller.rb": [
        null,
        null,
        0,
        0,
        0
      ]
    },
    "timestamp": 1515689489
  }
}
